2021-Apr-01 15:49:31 –ù–∞–ª–∏—á–∏–µ –Ω–µ–æ–±—Ö–æ–¥–∏–º—ã—Ö –º–æ–¥—É–ª–µ–π php (check_php_modules): Fail
–û—à–∏–±–∫–∞! –ù–µ —É—Å—Ç–∞–Ω–æ–≤–ª–µ–Ω—ã —Ç—Ä–µ–±—É–µ–º—ã–µ —Ä–∞—Å—à–∏—Ä–µ–Ω–∏—è:–ü–æ–¥–¥–µ—Ä–∂–∫–∞ XML
2021-Apr-01 15:49:31 –û–±—è–∑–∞—Ç–µ–ª—å–Ω—ã–µ –ø–∞—Ä–∞–º–µ—Ç—Ä—ã PHP (check_php_settings): Ok
–ù–∞—Å—Ç—Ä–æ–π–∫–∏ –ø—Ä–∞–≤–∏–ª—å–Ω—ã–µ
2021-Apr-01 15:49:31 –ú–æ–¥—É–ª–∏ –≤–µ–±-—Å–µ—Ä–≤–µ—Ä–∞ (check_security): Ok
–ö–æ–Ω—Ñ–ª–∏–∫—Ç–æ–≤ –Ω–µ –≤—ã—è–≤–ª–µ–Ω–æ
2021-Apr-01 15:49:31 –ó–Ω–∞—á–µ–Ω–∏—è –ø–µ—Ä–µ–º–µ–Ω–Ω—ã—Ö —Å–µ—Ä–≤–µ—Ä–∞ (check_server_vars): Ok
–ö–æ—Ä—Ä–µ–∫—Ç–Ω—ã–µ
2021-Apr-01 15:49:31 –°–æ—Ö—Ä–∞–Ω–µ–Ω–∏–µ —Å–µ—Å—Å–∏–∏ (check_session): Ok
50% done
2021-Apr-01 15:49:31 –°–æ—Ö—Ä–∞–Ω–µ–Ω–∏–µ —Å–µ—Å—Å–∏–∏ (check_session): Ok
–£—Å–ø–µ—à–Ω–æ
2021-Apr-01 15:49:31 –ü–∞—Ä–∞–º–µ—Ç—Ä—ã –Ω–∞—Å—Ç—Ä–æ–π–∫–∏ UTF (mbstring –∏ –∫–æ–Ω—Å—Ç–∞–Ω—Ç–∞ BX_UTF) (check_mbstring): Ok
–ü—Ä–∞–≤–∏–ª—å–Ω—ã–µ. –°–∞–π—Ç —Ä–∞–±–æ—Ç–∞–µ—Ç –≤ UTF –∫–æ–¥–∏—Ä–æ–≤–∫–µ
2021-Apr-01 15:49:31 –°–ª—É–∂–µ–±–Ω—ã–µ —Å–∫—Ä–∏–ø—Ç—ã –≤ –∫–æ—Ä–Ω–µ —Å–∞–π—Ç–∞ (check_install_scripts): Ok
–û—Ç—Å—É—Ç—Å—Ç–≤—É—é—Ç
2021-Apr-01 15:49:31 –†–∞–±–æ—Ç–∞ —Å —Å–æ–∫–µ—Ç–∞–º–∏ (check_socket): Ok
Connection to cert.test:80	Success

–£—Å–ø–µ—à–Ω–æ
2021-Apr-01 15:49:31 –í—ã–ø–æ–ª–Ω–µ–Ω–∏–µ –∞–≥–µ–Ω—Ç–æ–≤ –Ω–∞ cron (check_bx_crontab): Warning
–ó–∞–º–µ—á–∞–Ω–∏–µ. –ê–≥–µ–Ω—Ç—ã –≤—ã–ø–æ–ª–Ω—è—é—Ç—Å—è –Ω–∞ —Ö–∏—Ç–∞—Ö, —Ä–µ–∫–æ–º–µ–Ω–¥—É–µ—Ç—Å—è –ø–µ—Ä–µ–≤–µ—Å—Ç–∏ –≤—ã–ø–æ–ª–Ω–µ–Ω–∏–µ –∞–≥–µ–Ω—Ç–æ–≤ –Ω–∞ cron
2021-Apr-01 15:49:31 –ü–∞—Ä–∞–º–µ—Ç—Ä—ã –ø–æ–¥–∫–ª—é—á–µ–Ω–∏—è –∫ –±–∞–∑–µ –¥–∞–Ω–Ω—ã—Ö (check_dbconn_settings): Ok
–£—Å–ø–µ—à–Ω–æ
2021-Apr-01 15:49:31 –õ–∏—à–Ω–∏–π –≤—ã–≤–æ–¥ –≤ —Ñ–∞–π–ª–∞—Ö –∫–æ–Ω—Ñ–∏–≥—É—Ä–∞—Ü–∏–∏ (check_dbconn): Ok
Connection to cert.test:80	Success

–£—Å–ø–µ—à–Ω–æ
2021-Apr-01 15:49:31 –°–æ—Ö—Ä–∞–Ω–µ–Ω–∏–µ —Å–µ—Å—Å–∏–∏ –±–µ–∑ UserAgent (check_session_ua): Ok
50% done
Connection to cert.test:80	Success

2021-Apr-01 15:49:31 –°–æ—Ö—Ä–∞–Ω–µ–Ω–∏–µ —Å–µ—Å—Å–∏–∏ –±–µ–∑ UserAgent (check_session_ua): Ok
Connection to cert.test:80	Success

–£—Å–ø–µ—à–Ω–æ
2021-Apr-01 15:49:31 –ù–∞—Å—Ç—Ä–æ–π–∫–∏ —Å–∞–π—Ç–æ–≤ (check_sites): Ok
–ü—Ä–∞–≤–∏–ª—å–Ω—ã–µ
2021-Apr-01 15:49:31 –ü–µ—Ä–µ–¥–∞—á–∞ –æ–±—ä–µ–∫—Ç–æ–≤ –ø–æ —Å—Å—ã–ª–∫–µ (check_clone): Ok
–£—Å–ø–µ—à–Ω–æ
2021-Apr-01 15:49:31 –†–∞–∑–º–µ—Ä —Å—Ç–µ–∫–∞ –∏ pcre.recursion_limit (check_pcre_recursion): Ok
Connection to cert.test:80	Success

–£—Å–ø–µ—à–Ω–æ
2021-Apr-01 15:49:31 –ó–∞–≥—Ä—É–∑–∫–∞ —Ñ–∞–π–ª–∞ (check_upload): Ok
Connection to cert.test:80	Success

–£—Å–ø–µ—à–Ω–æ
2021-Apr-01 15:49:31 –ó–∞–≥—Ä—É–∑–∫–∞ —Ñ–∞–π–ª–∞ –±–æ–ª—å—à–µ 4–ú–± (check_upload_big): Fail
Connection to cert.test:80	Success
== Request ==
POST /bitrix/admin/site_checker.php?test_type=upload_test&unique_id=1dd54cc0a4df074e12b56c95863987cb&big=1&raw=0 HTTP/1.1
Host: cert.test
Content-Type: multipart/form-data; boundary=--------2f6a16a07a0911f6f228951c99f5caf9
Content-Length: 4200195

----------2f6a16a07a0911f6f228951c99f5caf9
Content-Disposition: form-data; name="test_file"; filename="site_checker.bin
Content-Type: image/gif

()*+,-./0123456789:;<=>?@ABCDEFGHIJKLMNOPQRSTUVWXYZ[\]^_`abcdefghijklmnopqrstuvwxyz{|}~ÄÅÇÉÑÖÜáàâäãåçéèêëíìîïñóòôöõúùûü†°¢£§•¶ß®©™´¨≠ÆØ∞±≤≥¥µ∂∑∏π∫ªºΩæø¿¡¬√ƒ≈∆«»… ÀÃÕŒœ–—“”‘’÷◊ÿŸ⁄€‹›ﬁﬂ‡·‚„‰ÂÊÁËÈÍÎÏÌÓÔ()*+,-./0123456789:;<=>?@ABCDEFGHIJKLMNOPQRSTUVWXYZ[\]^_`abcdefghijklmnopqrstuvwxyz{|}~ÄÅÇÉÑÖÜáàâäãåçéèêëíìîïñóòôöõúùûü†°¢£§•¶ß®©™´¨≠ÆØ∞±≤≥¥µ∂∑∏π∫ªºΩæø¿¡¬√ƒ≈∆«»… ÀÃÕŒœ–—“”‘’÷◊ÿŸ⁄€‹›ﬁﬂ‡·‚„‰ÂÊÁËÈÍÎÏÌÓÔ()*+,-./0123456789:;<=>?@ABCDEFGHIJKLMNOPQRSTUVWXYZ[\]^_`abcdefghijklmnopqrstuvwxyz{|}~ÄÅÇÉÑÖÜáàâäãåçéèêëíìîïñóòôöõúùûü†°¢£§•¶ß®©™´¨≠ÆØ∞±≤≥¥µ∂∑∏π∫ªºΩæø¿¡¬√ƒ≈∆«»… ÀÃÕŒœ–—“”‘’÷◊ÿŸ⁄€‹›ﬁﬂ‡·‚„‰ÂÊÁËÈÍÎÏÌ ... (4200448 bytes)
== Response ==
HTTP/1.1 200 OK
Server: nginx/1.18.0 (Ubuntu)
Date: Thu, 01 Apr 2021 08:49:31 GMT
Content-Type: text/html; charset=UTF-8
Transfer-Encoding: chunked
Connection: keep-alive

== Body ==
move_uploaded_file(,/var/www/certificate1/bitrix/tmp/site_checker.bin)=false
$_FILES=
Array
(
    [test_file] => Array
        (
            [name] => site_checker.bin
            [type] => 
            [tmp_name] => 
            [error] => 1
            [size] => 0
        )

)

==========

–û—à–∏–±–∫–∞! –ù–µ —Ä–∞–±–æ—Ç–∞–µ—Ç
2021-Apr-01 15:49:31 –ó–∞–≥—Ä—É–∑–∫–∞ —Ñ–∞–π–ª–∞ —á–µ—Ä–µ–∑ php://input (check_upload_raw): Ok
Connection to cert.test:80	Success

–£—Å–ø–µ—à–Ω–æ
2021-Apr-01 15:49:31 –ü–µ—Ä–µ–¥–∞—á–∞ POST –∑–∞–ø—Ä–æ—Å–∞ —Å –±–æ–ª—å—à–∏–º —á–∏—Å–ª–æ–º –ø–∞—Ä–∞–º–µ—Ç—Ä–æ–≤ (check_post): Ok
Connection to cert.test:80	Success

–£—Å–ø–µ—à–Ω–æ
2021-Apr-01 15:49:31 –û—Ç–ø—Ä–∞–≤–∫–∞ –ø–æ—á—Ç—ã (check_mail): Fail
–û—à–∏–±–∫–∞! –ù–µ —Ä–∞–±–æ—Ç–∞–µ—Ç
2021-Apr-01 15:49:31 –û—Ç–ø—Ä–∞–≤–∫–∞ –ø–æ—á—Ç–æ–≤–æ–≥–æ —Å–æ–æ–±—â–µ–Ω–∏—è –±–æ–ª—å—à–µ 64–ö–± (check_mail_big): Fail
–û—à–∏–±–∫–∞! –ù–µ —Ä–∞–±–æ—Ç–∞–µ—Ç
2021-Apr-01 15:49:31 –ü—Ä–æ–≤–µ—Ä–∫–∞ –Ω–∞ –Ω–∞–ª–∏—á–∏–µ –Ω–µ–æ—Ç–ø—Ä–∞–≤–ª–µ–Ω–Ω—ã—Ö —Å–æ–æ–±—â–µ–Ω–∏–π (check_mail_b_event): Ok
–£—Å–ø–µ—à–Ω–æ
2021-Apr-01 15:49:31 –í–Ω—É—Ç—Ä–µ–Ω–Ω–µ–µ –ø–µ—Ä–µ–Ω–∞–ø—Ä–∞–≤–ª–µ–Ω–∏–µ (—Ñ—É–Ω–∫—Ü–∏—è LocalRedirect) (check_localredirect): Ok
50% done
Connection to cert.test:80	Success

2021-Apr-01 15:49:31 –í–Ω—É—Ç—Ä–µ–Ω–Ω–µ–µ –ø–µ—Ä–µ–Ω–∞–ø—Ä–∞–≤–ª–µ–Ω–∏–µ (—Ñ—É–Ω–∫—Ü–∏—è LocalRedirect) (check_localredirect): Ok
Connection to cert.test:80	Success

–£—Å–ø–µ—à–Ω–æ
2021-Apr-01 15:49:31 –§–∞–∫—Ç–∏—á–µ—Å–∫–æ–µ –æ–≥—Ä–∞–Ω–∏—á–µ–Ω–∏–µ –ø–∞–º—è—Ç–∏ (check_memory_limit): Ok
20% done
Connection to cert.test:80	Success

2021-Apr-01 15:49:31 –§–∞–∫—Ç–∏—á–µ—Å–∫–æ–µ –æ–≥—Ä–∞–Ω–∏—á–µ–Ω–∏–µ –ø–∞–º—è—Ç–∏ (check_memory_limit): Ok
40% done
Connection to cert.test:80	Success

2021-Apr-01 15:49:31 –§–∞–∫—Ç–∏—á–µ—Å–∫–æ–µ –æ–≥—Ä–∞–Ω–∏—á–µ–Ω–∏–µ –ø–∞–º—è—Ç–∏ (check_memory_limit): Ok
60% done
Connection to cert.test:80	Success

2021-Apr-01 15:49:31 –§–∞–∫—Ç–∏—á–µ—Å–∫–æ–µ –æ–≥—Ä–∞–Ω–∏—á–µ–Ω–∏–µ –ø–∞–º—è—Ç–∏ (check_memory_limit): Ok
80% done
Connection to cert.test:80	Success

2021-Apr-01 15:49:31 –§–∞–∫—Ç–∏—á–µ—Å–∫–æ–µ –æ–≥—Ä–∞–Ω–∏—á–µ–Ω–∏–µ –ø–∞–º—è—Ç–∏ (check_memory_limit): Ok
Connection to cert.test:80	Success

–ù–µ –º–µ–Ω–µ–µ 256 –ú
2021-Apr-01 15:49:31 –†–∞–±–æ—Ç–∞ —Å —Ñ–∞–π–ª–∞–º–∏ –∫–µ—à–∞ (check_cache): Ok
–£—Å–ø–µ—à–Ω–æ
2021-Apr-01 15:49:32 –î–æ—Å—Ç—É–ø –∫ —Å–µ—Ä–≤–µ—Ä—É –æ–±–Ω–æ–≤–ª–µ–Ω–∏–π (check_update): Ok
–£—Å–ø–µ—à–Ω–æ
2021-Apr-01 15:49:32 HTTP –∞–≤—Ç–æ—Ä–∏–∑–∞—Ü–∏—è (check_http_auth): Ok
Connection to cert.test:80	Success

–£—Å–ø–µ—à–Ω–æ
2021-Apr-01 15:49:32 –°–æ–∑–¥–∞–Ω–∏–µ –∏ –∑–∞–ø—É—Å–∫ —Ñ–∞–π–ª–∞ (check_exec): Ok
Connection to cert.test:80	Success

–£—Å–ø–µ—à–Ω–æ
2021-Apr-01 15:49:32 –§—É–Ω–∫—Ü–∏—è getimagesize –¥–ª—è swf (check_getimagesize): Ok
–£—Å–ø–µ—à–Ω–æ
2021-Apr-01 15:49:32 –í–µ—Ä—Å–∏—è MySQL-—Å–µ—Ä–≤–µ—Ä–∞ (check_mysql_bug_version): Ok
–£—Å–ø–µ—à–Ω–æ
2021-Apr-01 15:49:33 –í—Ä–µ–º—è –Ω–∞ –ë–î –∏ –≤–µ–±-—Å–µ—Ä–≤–µ—Ä–µ (check_mysql_time): Ok
–£—Å–ø–µ—à–Ω–æ
2021-Apr-01 15:49:33 –†–µ–∂–∏–º —Ä–∞–±–æ—Ç—ã MySQL (check_mysql_mode): Ok
–£—Å–ø–µ—à–Ω–æ
2021-Apr-01 15:49:33 –ö–æ–¥–∏—Ä–æ–≤–∫–∞ —Å–æ–µ–¥–∏–Ω–µ–Ω–∏—è (check_mysql_connection_charset): Ok
character_set_connection=utf8, collation_connection=utf8_unicode_ci, character_set_results=utf8
–£—Å–ø–µ—à–Ω–æ
2021-Apr-01 15:49:33 –ö–æ–¥–∏—Ä–æ–≤–∫–∞ –±–∞–∑—ã –¥–∞–Ω–Ω—ã—Ö (check_mysql_db_charset): Ok
CHARSET=utf8, COLLATION=utf8_unicode_ci
–£—Å–ø–µ—à–Ω–æ
2021-Apr-01 15:49:33 –ö–æ–¥–∏—Ä–æ–≤–∫–∏ —Ç–∞–±–ª–∏—Ü –≤ –ë–î (check_mysql_table_charset): Ok
–£—Å–ø–µ—à–Ω–æ
2021-Apr-01 15:49:33 –°—Ç—Ä—É–∫—Ç—É—Ä–∞ –±–∞–∑—ã –¥–∞–Ω–Ω—ã—Ö (check_mysql_table_structure): Ok
0% done
2021-Apr-01 15:49:33 –°—Ç—Ä—É–∫—Ç—É—Ä–∞ –±–∞–∑—ã –¥–∞–Ω–Ω—ã—Ö (check_mysql_table_structure): Ok
4% done
2021-Apr-01 15:49:34 –°—Ç—Ä—É–∫—Ç—É—Ä–∞ –±–∞–∑—ã –¥–∞–Ω–Ω—ã—Ö (check_mysql_table_structure): Ok
8% done
2021-Apr-01 15:49:34 –°—Ç—Ä—É–∫—Ç—É—Ä–∞ –±–∞–∑—ã –¥–∞–Ω–Ω—ã—Ö (check_mysql_table_structure): Ok
12% done
2021-Apr-01 15:49:34 –°—Ç—Ä—É–∫—Ç—É—Ä–∞ –±–∞–∑—ã –¥–∞–Ω–Ω—ã—Ö (check_mysql_table_structure): Ok
16% done
2021-Apr-01 15:49:34 –°—Ç—Ä—É–∫—Ç—É—Ä–∞ –±–∞–∑—ã –¥–∞–Ω–Ω—ã—Ö (check_mysql_table_structure): Ok
20% done
2021-Apr-01 15:49:34 –°—Ç—Ä—É–∫—Ç—É—Ä–∞ –±–∞–∑—ã –¥–∞–Ω–Ω—ã—Ö (check_mysql_table_structure): Ok
24% done
2021-Apr-01 15:49:35 –°—Ç—Ä—É–∫—Ç—É—Ä–∞ –±–∞–∑—ã –¥–∞–Ω–Ω—ã—Ö (check_mysql_table_structure): Ok
28% done
2021-Apr-01 15:49:35 –°—Ç—Ä—É–∫—Ç—É—Ä–∞ –±–∞–∑—ã –¥–∞–Ω–Ω—ã—Ö (check_mysql_table_structure): Ok
32% done
2021-Apr-01 15:49:35 –°—Ç—Ä—É–∫—Ç—É—Ä–∞ –±–∞–∑—ã –¥–∞–Ω–Ω—ã—Ö (check_mysql_table_structure): Ok
36% done
2021-Apr-01 15:49:35 –°—Ç—Ä—É–∫—Ç—É—Ä–∞ –±–∞–∑—ã –¥–∞–Ω–Ω—ã—Ö (check_mysql_table_structure): Ok
40% done
2021-Apr-01 15:49:35 –°—Ç—Ä—É–∫—Ç—É—Ä–∞ –±–∞–∑—ã –¥–∞–Ω–Ω—ã—Ö (check_mysql_table_structure): Ok
44% done
2021-Apr-01 15:49:36 –°—Ç—Ä—É–∫—Ç—É—Ä–∞ –±–∞–∑—ã –¥–∞–Ω–Ω—ã—Ö (check_mysql_table_structure): Ok
48% done
2021-Apr-01 15:49:36 –°—Ç—Ä—É–∫—Ç—É—Ä–∞ –±–∞–∑—ã –¥–∞–Ω–Ω—ã—Ö (check_mysql_table_structure): Ok
52% done
2021-Apr-01 15:49:36 –°—Ç—Ä—É–∫—Ç—É—Ä–∞ –±–∞–∑—ã –¥–∞–Ω–Ω—ã—Ö (check_mysql_table_structure): Ok
56% done
2021-Apr-01 15:49:36 –°—Ç—Ä—É–∫—Ç—É—Ä–∞ –±–∞–∑—ã –¥–∞–Ω–Ω—ã—Ö (check_mysql_table_structure): Ok
60% done
2021-Apr-01 15:49:39 –°—Ç—Ä—É–∫—Ç—É—Ä–∞ –±–∞–∑—ã –¥–∞–Ω–Ω—ã—Ö (check_mysql_table_structure): Ok
64% done
2021-Apr-01 15:49:39 –°—Ç—Ä—É–∫—Ç—É—Ä–∞ –±–∞–∑—ã –¥–∞–Ω–Ω—ã—Ö (check_mysql_table_structure): Ok
68% done
2021-Apr-01 15:49:39 –°—Ç—Ä—É–∫—Ç—É—Ä–∞ –±–∞–∑—ã –¥–∞–Ω–Ω—ã—Ö (check_mysql_table_structure): Ok
72% done
2021-Apr-01 15:49:39 –°—Ç—Ä—É–∫—Ç—É—Ä–∞ –±–∞–∑—ã –¥–∞–Ω–Ω—ã—Ö (check_mysql_table_structure): Ok
76% done
2021-Apr-01 15:49:40 –°—Ç—Ä—É–∫—Ç—É—Ä–∞ –±–∞–∑—ã –¥–∞–Ω–Ω—ã—Ö (check_mysql_table_structure): Ok
80% done
